[2020-03-28T10:15:26.026Z] [org.springframework.boot.StartupInfoLogger] [restartedMain] [55] [INFO ] Starting InstituteSpringBootApplication on DESKTOP-4GMUGMD with PID 13640 (C:\Users\Admin\Documents\Eclipse Workspace\InstituteSpringBoot\InstituteSpringBoot\target\classes started by Admin in C:\Users\Admin\Documents\Eclipse Workspace\InstituteSpringBoot\InstituteSpringBoot)
[2020-03-28T10:15:26.026Z] [org.springframework.boot.SpringApplication] [restartedMain] [651] [INFO ] No active profile set, falling back to default profiles: default
[2020-03-28T10:15:26.026Z] [org.springframework.boot.logging.DeferredLog] [restartedMain] [225] [INFO ] Devtools property defaults active! Set 'spring.devtools.add-properties' to 'false' to disable
[2020-03-28T10:15:26.026Z] [org.springframework.boot.logging.DeferredLog] [restartedMain] [225] [INFO ] For additional web related logging consider setting the 'logging.level.web' property to 'DEBUG'
[2020-03-28T10:15:27.027Z] [org.springframework.boot.web.embedded.tomcat.TomcatWebServer] [restartedMain] [92] [INFO ] Tomcat initialized with port(s): 8080 (http)
[2020-03-28T10:15:27.027Z] [org.apache.juli.logging.DirectJDKLog] [restartedMain] [173] [INFO ] Starting service [Tomcat]
[2020-03-28T10:15:27.027Z] [org.apache.juli.logging.DirectJDKLog] [restartedMain] [173] [INFO ] Starting Servlet engine: [Apache Tomcat/9.0.33]
[2020-03-28T10:15:27.027Z] [org.apache.juli.logging.DirectJDKLog] [restartedMain] [173] [INFO ] Initializing Spring embedded WebApplicationContext
[2020-03-28T10:15:27.027Z] [org.springframework.boot.web.servlet.context.ServletWebServerApplicationContext] [restartedMain] [284] [INFO ] Root WebApplicationContext: initialization completed in 1357 ms
[2020-03-28T10:15:28.028Z] [org.springframework.scheduling.concurrent.ExecutorConfigurationSupport] [restartedMain] [181] [INFO ] Initializing ExecutorService 'applicationTaskExecutor'
[2020-03-28T10:15:28.028Z] [org.springframework.boot.devtools.autoconfigure.OptionalLiveReloadServer] [restartedMain] [61] [WARN ] Unable to start LiveReload server
[2020-03-28T10:15:28.028Z] [org.springframework.boot.web.embedded.tomcat.TomcatWebServer] [restartedMain] [204] [INFO ] Tomcat started on port(s): 8080 (http) with context path '/msapi'
[2020-03-28T10:15:28.028Z] [org.springframework.boot.StartupInfoLogger] [restartedMain] [61] [INFO ] Started InstituteSpringBootApplication in 2.503 seconds (JVM running for 3.72)
[2020-03-28T10:16:22.022Z] [org.apache.juli.logging.DirectJDKLog] [http-nio-8080-exec-1] [173] [INFO ] Initializing Spring DispatcherServlet 'dispatcherServlet'
[2020-03-28T10:16:22.022Z] [org.springframework.web.servlet.FrameworkServlet] [http-nio-8080-exec-1] [525] [INFO ] Initializing Servlet 'dispatcherServlet'
[2020-03-28T10:16:22.022Z] [org.springframework.web.servlet.FrameworkServlet] [http-nio-8080-exec-1] [547] [INFO ] Completed initialization in 17 ms
[2020-03-28T10:21:06.006Z] [org.springframework.scheduling.concurrent.ExecutorConfigurationSupport] [Thread-2] [218] [INFO ] Shutting down ExecutorService 'applicationTaskExecutor'
[2020-03-28T10:21:06.006Z] [org.springframework.boot.StartupInfoLogger] [restartedMain] [55] [INFO ] Starting InstituteSpringBootApplication on DESKTOP-4GMUGMD with PID 13640 (C:\Users\Admin\Documents\Eclipse Workspace\InstituteSpringBoot\InstituteSpringBoot\target\classes started by Admin in C:\Users\Admin\Documents\Eclipse Workspace\InstituteSpringBoot\InstituteSpringBoot)
[2020-03-28T10:21:06.006Z] [org.springframework.boot.SpringApplication] [restartedMain] [651] [INFO ] No active profile set, falling back to default profiles: default
[2020-03-28T10:21:07.007Z] [org.springframework.boot.web.embedded.tomcat.TomcatWebServer] [restartedMain] [92] [INFO ] Tomcat initialized with port(s): 8080 (http)
[2020-03-28T10:21:07.007Z] [org.apache.juli.logging.DirectJDKLog] [restartedMain] [173] [INFO ] Starting service [Tomcat]
[2020-03-28T10:21:07.007Z] [org.apache.juli.logging.DirectJDKLog] [restartedMain] [173] [INFO ] Starting Servlet engine: [Apache Tomcat/9.0.33]
[2020-03-28T10:21:07.007Z] [org.apache.juli.logging.DirectJDKLog] [restartedMain] [173] [INFO ] Initializing Spring embedded WebApplicationContext
[2020-03-28T10:21:07.007Z] [org.springframework.boot.web.servlet.context.ServletWebServerApplicationContext] [restartedMain] [284] [INFO ] Root WebApplicationContext: initialization completed in 336 ms
[2020-03-28T10:21:07.007Z] [org.springframework.scheduling.concurrent.ExecutorConfigurationSupport] [restartedMain] [181] [INFO ] Initializing ExecutorService 'applicationTaskExecutor'
[2020-03-28T10:21:07.007Z] [org.springframework.boot.devtools.autoconfigure.OptionalLiveReloadServer] [restartedMain] [61] [WARN ] Unable to start LiveReload server
[2020-03-28T10:21:07.007Z] [org.springframework.boot.web.embedded.tomcat.TomcatWebServer] [restartedMain] [204] [INFO ] Tomcat started on port(s): 8080 (http) with context path '/msapi'
[2020-03-28T10:21:07.007Z] [org.springframework.boot.StartupInfoLogger] [restartedMain] [61] [INFO ] Started InstituteSpringBootApplication in 0.53 seconds (JVM running for 342.49)
[2020-03-28T10:21:07.007Z] [org.springframework.boot.devtools.autoconfigure.ConditionEvaluationDeltaLoggingListener] [restartedMain] [63] [INFO ] Condition evaluation unchanged
[2020-03-28T10:21:15.015Z] [org.apache.juli.logging.DirectJDKLog] [http-nio-8080-exec-2] [173] [INFO ] Initializing Spring DispatcherServlet 'dispatcherServlet'
[2020-03-28T10:21:15.015Z] [org.springframework.web.servlet.FrameworkServlet] [http-nio-8080-exec-2] [525] [INFO ] Initializing Servlet 'dispatcherServlet'
[2020-03-28T10:21:15.015Z] [org.springframework.web.servlet.FrameworkServlet] [http-nio-8080-exec-2] [547] [INFO ] Completed initialization in 16 ms
[2020-03-28T10:22:46.046Z] [org.springframework.scheduling.concurrent.ExecutorConfigurationSupport] [Thread-8] [218] [INFO ] Shutting down ExecutorService 'applicationTaskExecutor'
[2020-03-28T10:22:46.046Z] [org.springframework.boot.StartupInfoLogger] [restartedMain] [55] [INFO ] Starting InstituteSpringBootApplication on DESKTOP-4GMUGMD with PID 13640 (C:\Users\Admin\Documents\Eclipse Workspace\InstituteSpringBoot\InstituteSpringBoot\target\classes started by Admin in C:\Users\Admin\Documents\Eclipse Workspace\InstituteSpringBoot\InstituteSpringBoot)
[2020-03-28T10:22:46.046Z] [org.springframework.boot.SpringApplication] [restartedMain] [651] [INFO ] No active profile set, falling back to default profiles: default
[2020-03-28T10:22:46.046Z] [org.springframework.boot.web.embedded.tomcat.TomcatWebServer] [restartedMain] [92] [INFO ] Tomcat initialized with port(s): 8080 (http)
[2020-03-28T10:22:46.046Z] [org.apache.juli.logging.DirectJDKLog] [restartedMain] [173] [INFO ] Starting service [Tomcat]
[2020-03-28T10:22:46.046Z] [org.apache.juli.logging.DirectJDKLog] [restartedMain] [173] [INFO ] Starting Servlet engine: [Apache Tomcat/9.0.33]
[2020-03-28T10:22:46.046Z] [org.apache.juli.logging.DirectJDKLog] [restartedMain] [173] [INFO ] Initializing Spring embedded WebApplicationContext
[2020-03-28T10:22:46.046Z] [org.springframework.boot.web.servlet.context.ServletWebServerApplicationContext] [restartedMain] [284] [INFO ] Root WebApplicationContext: initialization completed in 279 ms
[2020-03-28T10:22:47.047Z] [org.springframework.scheduling.concurrent.ExecutorConfigurationSupport] [restartedMain] [181] [INFO ] Initializing ExecutorService 'applicationTaskExecutor'
[2020-03-28T10:22:47.047Z] [org.springframework.boot.devtools.autoconfigure.OptionalLiveReloadServer] [restartedMain] [61] [WARN ] Unable to start LiveReload server
[2020-03-28T10:22:47.047Z] [org.springframework.boot.web.embedded.tomcat.TomcatWebServer] [restartedMain] [204] [INFO ] Tomcat started on port(s): 8080 (http) with context path '/msapi'
[2020-03-28T10:22:47.047Z] [org.springframework.boot.StartupInfoLogger] [restartedMain] [61] [INFO ] Started InstituteSpringBootApplication in 0.457 seconds (JVM running for 442.329)
[2020-03-28T10:22:47.047Z] [org.springframework.boot.devtools.autoconfigure.ConditionEvaluationDeltaLoggingListener] [restartedMain] [63] [INFO ] Condition evaluation unchanged
[2020-03-28T11:06:19.019Z] [org.springframework.scheduling.concurrent.ExecutorConfigurationSupport] [Thread-13] [218] [INFO ] Shutting down ExecutorService 'applicationTaskExecutor'
[2020-03-28T11:06:19.019Z] [org.springframework.boot.StartupInfoLogger] [restartedMain] [55] [INFO ] Starting InstituteSpringBootApplication on DESKTOP-4GMUGMD with PID 13640 (C:\Users\Admin\Documents\Eclipse Workspace\InstituteSpringBoot\InstituteSpringBoot\target\classes started by Admin in C:\Users\Admin\Documents\Eclipse Workspace\InstituteSpringBoot\InstituteSpringBoot)
[2020-03-28T11:06:19.019Z] [org.springframework.boot.SpringApplication] [restartedMain] [651] [INFO ] No active profile set, falling back to default profiles: default
[2020-03-28T11:06:20.020Z] [org.springframework.boot.web.embedded.tomcat.TomcatWebServer] [restartedMain] [92] [INFO ] Tomcat initialized with port(s): 8080 (http)
[2020-03-28T11:06:20.020Z] [org.apache.juli.logging.DirectJDKLog] [restartedMain] [173] [INFO ] Starting service [Tomcat]
[2020-03-28T11:06:20.020Z] [org.apache.juli.logging.DirectJDKLog] [restartedMain] [173] [INFO ] Starting Servlet engine: [Apache Tomcat/9.0.33]
[2020-03-28T11:06:20.020Z] [org.apache.juli.logging.DirectJDKLog] [restartedMain] [173] [INFO ] Initializing Spring embedded WebApplicationContext
[2020-03-28T11:06:20.020Z] [org.springframework.boot.web.servlet.context.ServletWebServerApplicationContext] [restartedMain] [284] [INFO ] Root WebApplicationContext: initialization completed in 320 ms
[2020-03-28T11:06:20.020Z] [org.springframework.scheduling.concurrent.ExecutorConfigurationSupport] [restartedMain] [181] [INFO ] Initializing ExecutorService 'applicationTaskExecutor'
[2020-03-28T11:06:20.020Z] [org.springframework.boot.devtools.autoconfigure.OptionalLiveReloadServer] [restartedMain] [61] [WARN ] Unable to start LiveReload server
[2020-03-28T11:06:20.020Z] [org.springframework.boot.web.embedded.tomcat.TomcatWebServer] [restartedMain] [204] [INFO ] Tomcat started on port(s): 8080 (http) with context path '/msapi'
[2020-03-28T11:06:20.020Z] [org.springframework.boot.StartupInfoLogger] [restartedMain] [61] [INFO ] Started InstituteSpringBootApplication in 0.512 seconds (JVM running for 3055.409)
[2020-03-28T11:06:20.020Z] [org.springframework.boot.devtools.autoconfigure.ConditionEvaluationDeltaLoggingListener] [restartedMain] [63] [INFO ] Condition evaluation unchanged
[2020-03-28T11:06:53.053Z] [org.springframework.scheduling.concurrent.ExecutorConfigurationSupport] [Thread-18] [218] [INFO ] Shutting down ExecutorService 'applicationTaskExecutor'
[2020-03-28T11:06:54.054Z] [org.springframework.boot.StartupInfoLogger] [restartedMain] [55] [INFO ] Starting InstituteSpringBootApplication on DESKTOP-4GMUGMD with PID 13640 (C:\Users\Admin\Documents\Eclipse Workspace\InstituteSpringBoot\InstituteSpringBoot\target\classes started by Admin in C:\Users\Admin\Documents\Eclipse Workspace\InstituteSpringBoot\InstituteSpringBoot)
[2020-03-28T11:06:54.054Z] [org.springframework.boot.SpringApplication] [restartedMain] [651] [INFO ] No active profile set, falling back to default profiles: default
[2020-03-28T11:06:54.054Z] [org.springframework.boot.web.embedded.tomcat.TomcatWebServer] [restartedMain] [92] [INFO ] Tomcat initialized with port(s): 8080 (http)
[2020-03-28T11:06:54.054Z] [org.apache.juli.logging.DirectJDKLog] [restartedMain] [173] [INFO ] Starting service [Tomcat]
[2020-03-28T11:06:54.054Z] [org.apache.juli.logging.DirectJDKLog] [restartedMain] [173] [INFO ] Starting Servlet engine: [Apache Tomcat/9.0.33]
[2020-03-28T11:06:54.054Z] [org.apache.juli.logging.DirectJDKLog] [restartedMain] [173] [INFO ] Initializing Spring embedded WebApplicationContext
[2020-03-28T11:06:54.054Z] [org.springframework.boot.web.servlet.context.ServletWebServerApplicationContext] [restartedMain] [284] [INFO ] Root WebApplicationContext: initialization completed in 357 ms
[2020-03-28T11:06:54.054Z] [org.springframework.scheduling.concurrent.ExecutorConfigurationSupport] [restartedMain] [181] [INFO ] Initializing ExecutorService 'applicationTaskExecutor'
[2020-03-28T11:06:54.054Z] [org.springframework.boot.devtools.autoconfigure.OptionalLiveReloadServer] [restartedMain] [61] [WARN ] Unable to start LiveReload server
[2020-03-28T11:06:54.054Z] [org.springframework.boot.web.embedded.tomcat.TomcatWebServer] [restartedMain] [204] [INFO ] Tomcat started on port(s): 8080 (http) with context path '/msapi'
[2020-03-28T11:06:54.054Z] [org.springframework.boot.StartupInfoLogger] [restartedMain] [61] [INFO ] Started InstituteSpringBootApplication in 0.56 seconds (JVM running for 3090.073)
[2020-03-28T11:06:54.054Z] [org.springframework.boot.devtools.autoconfigure.ConditionEvaluationDeltaLoggingListener] [restartedMain] [63] [INFO ] Condition evaluation unchanged
[2020-03-28T11:10:43.043Z] [org.springframework.scheduling.concurrent.ExecutorConfigurationSupport] [Thread-23] [218] [INFO ] Shutting down ExecutorService 'applicationTaskExecutor'
[2020-03-28T11:10:43.043Z] [org.springframework.boot.StartupInfoLogger] [restartedMain] [55] [INFO ] Starting InstituteSpringBootApplication on DESKTOP-4GMUGMD with PID 13640 (C:\Users\Admin\Documents\Eclipse Workspace\InstituteSpringBoot\InstituteSpringBoot\target\classes started by Admin in C:\Users\Admin\Documents\Eclipse Workspace\InstituteSpringBoot\InstituteSpringBoot)
[2020-03-28T11:10:43.043Z] [org.springframework.boot.SpringApplication] [restartedMain] [651] [INFO ] No active profile set, falling back to default profiles: default
[2020-03-28T11:10:44.044Z] [org.springframework.boot.web.embedded.tomcat.TomcatWebServer] [restartedMain] [92] [INFO ] Tomcat initialized with port(s): 8080 (http)
[2020-03-28T11:10:44.044Z] [org.apache.juli.logging.DirectJDKLog] [restartedMain] [173] [INFO ] Starting service [Tomcat]
[2020-03-28T11:10:44.044Z] [org.apache.juli.logging.DirectJDKLog] [restartedMain] [173] [INFO ] Starting Servlet engine: [Apache Tomcat/9.0.33]
[2020-03-28T11:10:44.044Z] [org.apache.juli.logging.DirectJDKLog] [restartedMain] [173] [INFO ] Initializing Spring embedded WebApplicationContext
[2020-03-28T11:10:44.044Z] [org.springframework.boot.web.servlet.context.ServletWebServerApplicationContext] [restartedMain] [284] [INFO ] Root WebApplicationContext: initialization completed in 332 ms
[2020-03-28T11:10:44.044Z] [org.springframework.scheduling.concurrent.ExecutorConfigurationSupport] [restartedMain] [181] [INFO ] Initializing ExecutorService 'applicationTaskExecutor'
[2020-03-28T11:10:44.044Z] [org.springframework.boot.devtools.autoconfigure.OptionalLiveReloadServer] [restartedMain] [61] [WARN ] Unable to start LiveReload server
[2020-03-28T11:10:44.044Z] [org.springframework.boot.web.embedded.tomcat.TomcatWebServer] [restartedMain] [204] [INFO ] Tomcat started on port(s): 8080 (http) with context path '/msapi'
[2020-03-28T11:10:44.044Z] [org.springframework.boot.StartupInfoLogger] [restartedMain] [61] [INFO ] Started InstituteSpringBootApplication in 0.647 seconds (JVM running for 3319.609)
[2020-03-28T11:10:44.044Z] [org.springframework.boot.devtools.autoconfigure.ConditionEvaluationDeltaLoggingListener] [restartedMain] [63] [INFO ] Condition evaluation unchanged
[2020-03-28T11:10:56.056Z] [org.springframework.scheduling.concurrent.ExecutorConfigurationSupport] [Thread-28] [218] [INFO ] Shutting down ExecutorService 'applicationTaskExecutor'
[2020-03-28T11:10:57.057Z] [org.springframework.boot.StartupInfoLogger] [restartedMain] [55] [INFO ] Starting InstituteSpringBootApplication on DESKTOP-4GMUGMD with PID 13640 (C:\Users\Admin\Documents\Eclipse Workspace\InstituteSpringBoot\InstituteSpringBoot\target\classes started by Admin in C:\Users\Admin\Documents\Eclipse Workspace\InstituteSpringBoot\InstituteSpringBoot)
[2020-03-28T11:10:57.057Z] [org.springframework.boot.SpringApplication] [restartedMain] [651] [INFO ] No active profile set, falling back to default profiles: default
[2020-03-28T11:10:57.057Z] [org.springframework.boot.web.embedded.tomcat.TomcatWebServer] [restartedMain] [92] [INFO ] Tomcat initialized with port(s): 8080 (http)
[2020-03-28T11:10:57.057Z] [org.apache.juli.logging.DirectJDKLog] [restartedMain] [173] [INFO ] Starting service [Tomcat]
[2020-03-28T11:10:57.057Z] [org.apache.juli.logging.DirectJDKLog] [restartedMain] [173] [INFO ] Starting Servlet engine: [Apache Tomcat/9.0.33]
[2020-03-28T11:10:57.057Z] [org.apache.juli.logging.DirectJDKLog] [restartedMain] [173] [INFO ] Initializing Spring embedded WebApplicationContext
[2020-03-28T11:10:57.057Z] [org.springframework.boot.web.servlet.context.ServletWebServerApplicationContext] [restartedMain] [284] [INFO ] Root WebApplicationContext: initialization completed in 310 ms
[2020-03-28T11:10:57.057Z] [org.springframework.scheduling.concurrent.ExecutorConfigurationSupport] [restartedMain] [181] [INFO ] Initializing ExecutorService 'applicationTaskExecutor'
[2020-03-28T11:10:57.057Z] [org.springframework.boot.devtools.autoconfigure.OptionalLiveReloadServer] [restartedMain] [61] [WARN ] Unable to start LiveReload server
[2020-03-28T11:10:57.057Z] [org.springframework.boot.web.embedded.tomcat.TomcatWebServer] [restartedMain] [204] [INFO ] Tomcat started on port(s): 8080 (http) with context path '/msapi'
[2020-03-28T11:10:57.057Z] [org.springframework.boot.StartupInfoLogger] [restartedMain] [61] [INFO ] Started InstituteSpringBootApplication in 0.488 seconds (JVM running for 3333.058)
[2020-03-28T11:10:57.057Z] [org.springframework.boot.devtools.autoconfigure.ConditionEvaluationDeltaLoggingListener] [restartedMain] [63] [INFO ] Condition evaluation unchanged
[2020-03-28T11:11:06.006Z] [org.springframework.scheduling.concurrent.ExecutorConfigurationSupport] [Thread-33] [218] [INFO ] Shutting down ExecutorService 'applicationTaskExecutor'
[2020-03-28T11:11:06.006Z] [org.springframework.boot.StartupInfoLogger] [restartedMain] [55] [INFO ] Starting InstituteSpringBootApplication on DESKTOP-4GMUGMD with PID 13640 (C:\Users\Admin\Documents\Eclipse Workspace\InstituteSpringBoot\InstituteSpringBoot\target\classes started by Admin in C:\Users\Admin\Documents\Eclipse Workspace\InstituteSpringBoot\InstituteSpringBoot)
[2020-03-28T11:11:06.006Z] [org.springframework.boot.SpringApplication] [restartedMain] [651] [INFO ] No active profile set, falling back to default profiles: default
[2020-03-28T11:11:07.007Z] [org.springframework.boot.web.embedded.tomcat.TomcatWebServer] [restartedMain] [92] [INFO ] Tomcat initialized with port(s): 8080 (http)
[2020-03-28T11:11:07.007Z] [org.apache.juli.logging.DirectJDKLog] [restartedMain] [173] [INFO ] Starting service [Tomcat]
[2020-03-28T11:11:07.007Z] [org.apache.juli.logging.DirectJDKLog] [restartedMain] [173] [INFO ] Starting Servlet engine: [Apache Tomcat/9.0.33]
[2020-03-28T11:11:07.007Z] [org.apache.juli.logging.DirectJDKLog] [restartedMain] [173] [INFO ] Initializing Spring embedded WebApplicationContext
[2020-03-28T11:11:07.007Z] [org.springframework.boot.web.servlet.context.ServletWebServerApplicationContext] [restartedMain] [284] [INFO ] Root WebApplicationContext: initialization completed in 312 ms
[2020-03-28T11:11:07.007Z] [org.springframework.scheduling.concurrent.ExecutorConfigurationSupport] [restartedMain] [181] [INFO ] Initializing ExecutorService 'applicationTaskExecutor'
[2020-03-28T11:11:07.007Z] [org.springframework.boot.devtools.autoconfigure.OptionalLiveReloadServer] [restartedMain] [61] [WARN ] Unable to start LiveReload server
[2020-03-28T11:11:07.007Z] [org.springframework.boot.web.embedded.tomcat.TomcatWebServer] [restartedMain] [204] [INFO ] Tomcat started on port(s): 8080 (http) with context path '/msapi'
[2020-03-28T11:11:07.007Z] [org.springframework.boot.StartupInfoLogger] [restartedMain] [61] [INFO ] Started InstituteSpringBootApplication in 0.474 seconds (JVM running for 3342.444)
[2020-03-28T11:11:07.007Z] [org.springframework.boot.devtools.autoconfigure.ConditionEvaluationDeltaLoggingListener] [restartedMain] [63] [INFO ] Condition evaluation unchanged
[2020-03-28T11:11:14.014Z] [org.springframework.scheduling.concurrent.ExecutorConfigurationSupport] [Thread-38] [218] [INFO ] Shutting down ExecutorService 'applicationTaskExecutor'
[2020-03-28T11:11:15.015Z] [org.springframework.boot.StartupInfoLogger] [restartedMain] [55] [INFO ] Starting InstituteSpringBootApplication on DESKTOP-4GMUGMD with PID 13640 (C:\Users\Admin\Documents\Eclipse Workspace\InstituteSpringBoot\InstituteSpringBoot\target\classes started by Admin in C:\Users\Admin\Documents\Eclipse Workspace\InstituteSpringBoot\InstituteSpringBoot)
[2020-03-28T11:11:15.015Z] [org.springframework.boot.SpringApplication] [restartedMain] [651] [INFO ] No active profile set, falling back to default profiles: default
[2020-03-28T11:11:15.015Z] [org.springframework.boot.web.embedded.tomcat.TomcatWebServer] [restartedMain] [92] [INFO ] Tomcat initialized with port(s): 8080 (http)
[2020-03-28T11:11:15.015Z] [org.apache.juli.logging.DirectJDKLog] [restartedMain] [173] [INFO ] Starting service [Tomcat]
[2020-03-28T11:11:15.015Z] [org.apache.juli.logging.DirectJDKLog] [restartedMain] [173] [INFO ] Starting Servlet engine: [Apache Tomcat/9.0.33]
[2020-03-28T11:11:15.015Z] [org.apache.juli.logging.DirectJDKLog] [restartedMain] [173] [INFO ] Initializing Spring embedded WebApplicationContext
[2020-03-28T11:11:15.015Z] [org.springframework.boot.web.servlet.context.ServletWebServerApplicationContext] [restartedMain] [284] [INFO ] Root WebApplicationContext: initialization completed in 260 ms
[2020-03-28T11:11:15.015Z] [org.springframework.scheduling.concurrent.ExecutorConfigurationSupport] [restartedMain] [181] [INFO ] Initializing ExecutorService 'applicationTaskExecutor'
[2020-03-28T11:11:15.015Z] [org.springframework.boot.devtools.autoconfigure.OptionalLiveReloadServer] [restartedMain] [61] [WARN ] Unable to start LiveReload server
[2020-03-28T11:11:15.015Z] [org.springframework.boot.web.embedded.tomcat.TomcatWebServer] [restartedMain] [204] [INFO ] Tomcat started on port(s): 8080 (http) with context path '/msapi'
[2020-03-28T11:11:15.015Z] [org.springframework.boot.StartupInfoLogger] [restartedMain] [61] [INFO ] Started InstituteSpringBootApplication in 0.429 seconds (JVM running for 3350.797)
[2020-03-28T11:11:15.015Z] [org.springframework.boot.devtools.autoconfigure.ConditionEvaluationDeltaLoggingListener] [restartedMain] [63] [INFO ] Condition evaluation unchanged
[2020-03-28T11:12:24.024Z] [org.springframework.scheduling.concurrent.ExecutorConfigurationSupport] [Thread-43] [218] [INFO ] Shutting down ExecutorService 'applicationTaskExecutor'
[2020-03-28T11:12:25.025Z] [org.springframework.boot.StartupInfoLogger] [restartedMain] [55] [INFO ] Starting InstituteSpringBootApplication on DESKTOP-4GMUGMD with PID 13640 (C:\Users\Admin\Documents\Eclipse Workspace\InstituteSpringBoot\InstituteSpringBoot\target\classes started by Admin in C:\Users\Admin\Documents\Eclipse Workspace\InstituteSpringBoot\InstituteSpringBoot)
[2020-03-28T11:12:25.025Z] [org.springframework.boot.SpringApplication] [restartedMain] [651] [INFO ] No active profile set, falling back to default profiles: default
[2020-03-28T11:12:25.025Z] [org.springframework.boot.web.embedded.tomcat.TomcatWebServer] [restartedMain] [92] [INFO ] Tomcat initialized with port(s): 8080 (http)
[2020-03-28T11:12:25.025Z] [org.apache.juli.logging.DirectJDKLog] [restartedMain] [173] [INFO ] Starting service [Tomcat]
[2020-03-28T11:12:25.025Z] [org.apache.juli.logging.DirectJDKLog] [restartedMain] [173] [INFO ] Starting Servlet engine: [Apache Tomcat/9.0.33]
[2020-03-28T11:12:25.025Z] [org.apache.juli.logging.DirectJDKLog] [restartedMain] [173] [INFO ] Initializing Spring embedded WebApplicationContext
[2020-03-28T11:12:25.025Z] [org.springframework.boot.web.servlet.context.ServletWebServerApplicationContext] [restartedMain] [284] [INFO ] Root WebApplicationContext: initialization completed in 277 ms
[2020-03-28T11:12:25.025Z] [org.springframework.context.support.AbstractApplicationContext] [restartedMain] [558] [WARN ] Exception encountered during context initialization - cancelling refresh attempt: org.springframework.beans.factory.BeanCreationException: Error creating bean with name 'classroomController': Lookup method resolution failed; nested exception is java.lang.IllegalStateException: Failed to introspect Class [com.tuppl.institute.controller.ClassroomController] from ClassLoader [org.springframework.boot.devtools.restart.classloader.RestartClassLoader@4caa1ffe]
[2020-03-28T11:12:25.025Z] [org.apache.juli.logging.DirectJDKLog] [restartedMain] [173] [INFO ] Stopping service [Tomcat]
[2020-03-28T11:12:25.025Z] [org.springframework.boot.autoconfigure.logging.ConditionEvaluationReportLoggingListener] [restartedMain] [136] [INFO ] 

Error starting ApplicationContext. To display the conditions report re-run your application with 'debug' enabled.
[2020-03-28T11:12:25.025Z] [org.springframework.boot.SpringApplication] [restartedMain] [826] [ERROR] Application run failed
org.springframework.beans.factory.BeanCreationException: Error creating bean with name 'classroomController': Lookup method resolution failed; nested exception is java.lang.IllegalStateException: Failed to introspect Class [com.tuppl.institute.controller.ClassroomController] from ClassLoader [org.springframework.boot.devtools.restart.classloader.RestartClassLoader@4caa1ffe]
	at org.springframework.beans.factory.annotation.AutowiredAnnotationBeanPostProcessor.determineCandidateConstructors(AutowiredAnnotationBeanPostProcessor.java:289) ~[spring-beans-5.2.5.RELEASE.jar:5.2.5.RELEASE]
	at org.springframework.beans.factory.support.AbstractAutowireCapableBeanFactory.determineConstructorsFromBeanPostProcessors(AbstractAutowireCapableBeanFactory.java:1286) ~[spring-beans-5.2.5.RELEASE.jar:5.2.5.RELEASE]
	at org.springframework.beans.factory.support.AbstractAutowireCapableBeanFactory.createBeanInstance(AbstractAutowireCapableBeanFactory.java:1201) ~[spring-beans-5.2.5.RELEASE.jar:5.2.5.RELEASE]
	at org.springframework.beans.factory.support.AbstractAutowireCapableBeanFactory.doCreateBean(AbstractAutowireCapableBeanFactory.java:557) ~[spring-beans-5.2.5.RELEASE.jar:5.2.5.RELEASE]
	at org.springframework.beans.factory.support.AbstractAutowireCapableBeanFactory.createBean(AbstractAutowireCapableBeanFactory.java:517) ~[spring-beans-5.2.5.RELEASE.jar:5.2.5.RELEASE]
	at org.springframework.beans.factory.support.AbstractBeanFactory.lambda$doGetBean$0(AbstractBeanFactory.java:323) ~[spring-beans-5.2.5.RELEASE.jar:5.2.5.RELEASE]
	at org.springframework.beans.factory.support.DefaultSingletonBeanRegistry.getSingleton(DefaultSingletonBeanRegistry.java:222) ~[spring-beans-5.2.5.RELEASE.jar:5.2.5.RELEASE]
	at org.springframework.beans.factory.support.AbstractBeanFactory.doGetBean(AbstractBeanFactory.java:321) ~[spring-beans-5.2.5.RELEASE.jar:5.2.5.RELEASE]
	at org.springframework.beans.factory.support.AbstractBeanFactory.getBean(AbstractBeanFactory.java:202) ~[spring-beans-5.2.5.RELEASE.jar:5.2.5.RELEASE]
	at org.springframework.beans.factory.support.DefaultListableBeanFactory.preInstantiateSingletons(DefaultListableBeanFactory.java:882) ~[spring-beans-5.2.5.RELEASE.jar:5.2.5.RELEASE]
	at org.springframework.context.support.AbstractApplicationContext.finishBeanFactoryInitialization(AbstractApplicationContext.java:878) ~[spring-context-5.2.5.RELEASE.jar:5.2.5.RELEASE]
	at org.springframework.context.support.AbstractApplicationContext.refresh(AbstractApplicationContext.java:550) ~[spring-context-5.2.5.RELEASE.jar:5.2.5.RELEASE]
	at org.springframework.boot.web.servlet.context.ServletWebServerApplicationContext.refresh(ServletWebServerApplicationContext.java:141) ~[spring-boot-2.2.6.RELEASE.jar:2.2.6.RELEASE]
	at org.springframework.boot.SpringApplication.refresh(SpringApplication.java:747) [spring-boot-2.2.6.RELEASE.jar:2.2.6.RELEASE]
	at org.springframework.boot.SpringApplication.refreshContext(SpringApplication.java:397) [spring-boot-2.2.6.RELEASE.jar:2.2.6.RELEASE]
	at org.springframework.boot.SpringApplication.run(SpringApplication.java:315) [spring-boot-2.2.6.RELEASE.jar:2.2.6.RELEASE]
	at org.springframework.boot.SpringApplication.run(SpringApplication.java:1226) [spring-boot-2.2.6.RELEASE.jar:2.2.6.RELEASE]
	at org.springframework.boot.SpringApplication.run(SpringApplication.java:1215) [spring-boot-2.2.6.RELEASE.jar:2.2.6.RELEASE]
	at com.tuppl.institute.InstituteSpringBootApplication.main(InstituteSpringBootApplication.java:10) [classes/:na]
	at sun.reflect.NativeMethodAccessorImpl.invoke0(Native Method) ~[na:1.8.0_241]
	at sun.reflect.NativeMethodAccessorImpl.invoke(NativeMethodAccessorImpl.java:62) ~[na:1.8.0_241]
	at sun.reflect.DelegatingMethodAccessorImpl.invoke(DelegatingMethodAccessorImpl.java:43) ~[na:1.8.0_241]
	at java.lang.reflect.Method.invoke(Method.java:498) ~[na:1.8.0_241]
	at org.springframework.boot.devtools.restart.RestartLauncher.run(RestartLauncher.java:49) [spring-boot-devtools-2.2.6.RELEASE.jar:2.2.6.RELEASE]
Caused by: java.lang.IllegalStateException: Failed to introspect Class [com.tuppl.institute.controller.ClassroomController] from ClassLoader [org.springframework.boot.devtools.restart.classloader.RestartClassLoader@4caa1ffe]
	at org.springframework.util.ReflectionUtils.getDeclaredMethods(ReflectionUtils.java:481) ~[spring-core-5.2.5.RELEASE.jar:5.2.5.RELEASE]
	at org.springframework.util.ReflectionUtils.doWithLocalMethods(ReflectionUtils.java:321) ~[spring-core-5.2.5.RELEASE.jar:5.2.5.RELEASE]
	at org.springframework.beans.factory.annotation.AutowiredAnnotationBeanPostProcessor.determineCandidateConstructors(AutowiredAnnotationBeanPostProcessor.java:267) ~[spring-beans-5.2.5.RELEASE.jar:5.2.5.RELEASE]
	... 23 common frames omitted
Caused by: java.lang.NoClassDefFoundError: StudentDataRequest
	at java.lang.Class.getDeclaredMethods0(Native Method) ~[na:1.8.0_241]
	at java.lang.Class.privateGetDeclaredMethods(Class.java:2701) ~[na:1.8.0_241]
	at java.lang.Class.getDeclaredMethods(Class.java:1975) ~[na:1.8.0_241]
	at org.springframework.util.ReflectionUtils.getDeclaredMethods(ReflectionUtils.java:463) ~[spring-core-5.2.5.RELEASE.jar:5.2.5.RELEASE]
	... 25 common frames omitted
Caused by: java.lang.ClassNotFoundException: StudentDataRequest
	at java.net.URLClassLoader.findClass(URLClassLoader.java:382) ~[na:1.8.0_241]
	at java.lang.ClassLoader.loadClass(ClassLoader.java:418) ~[na:1.8.0_241]
	at sun.misc.Launcher$AppClassLoader.loadClass(Launcher.java:355) ~[na:1.8.0_241]
	at java.lang.ClassLoader.loadClass(ClassLoader.java:351) ~[na:1.8.0_241]
	at org.springframework.boot.devtools.restart.classloader.RestartClassLoader.loadClass(RestartClassLoader.java:144) ~[spring-boot-devtools-2.2.6.RELEASE.jar:2.2.6.RELEASE]
	at java.lang.ClassLoader.loadClass(ClassLoader.java:351) ~[na:1.8.0_241]
	... 29 common frames omitted
[2020-03-28T11:12:33.033Z] [org.springframework.boot.StartupInfoLogger] [restartedMain] [55] [INFO ] Starting InstituteSpringBootApplication on DESKTOP-4GMUGMD with PID 13640 (C:\Users\Admin\Documents\Eclipse Workspace\InstituteSpringBoot\InstituteSpringBoot\target\classes started by Admin in C:\Users\Admin\Documents\Eclipse Workspace\InstituteSpringBoot\InstituteSpringBoot)
[2020-03-28T11:12:33.033Z] [org.springframework.boot.SpringApplication] [restartedMain] [651] [INFO ] No active profile set, falling back to default profiles: default
[2020-03-28T11:12:34.034Z] [org.springframework.boot.web.embedded.tomcat.TomcatWebServer] [restartedMain] [92] [INFO ] Tomcat initialized with port(s): 8080 (http)
[2020-03-28T11:12:34.034Z] [org.apache.juli.logging.DirectJDKLog] [restartedMain] [173] [INFO ] Starting service [Tomcat]
[2020-03-28T11:12:34.034Z] [org.apache.juli.logging.DirectJDKLog] [restartedMain] [173] [INFO ] Starting Servlet engine: [Apache Tomcat/9.0.33]
[2020-03-28T11:12:34.034Z] [org.apache.juli.logging.DirectJDKLog] [restartedMain] [173] [INFO ] Initializing Spring embedded WebApplicationContext
[2020-03-28T11:12:34.034Z] [org.springframework.boot.web.servlet.context.ServletWebServerApplicationContext] [restartedMain] [284] [INFO ] Root WebApplicationContext: initialization completed in 526 ms
[2020-03-28T11:12:34.034Z] [org.springframework.context.support.AbstractApplicationContext] [restartedMain] [558] [WARN ] Exception encountered during context initialization - cancelling refresh attempt: org.springframework.beans.factory.BeanCreationException: Error creating bean with name 'classroomController': Lookup method resolution failed; nested exception is java.lang.IllegalStateException: Failed to introspect Class [com.tuppl.institute.controller.ClassroomController] from ClassLoader [org.springframework.boot.devtools.restart.classloader.RestartClassLoader@60502af8]
[2020-03-28T11:12:34.034Z] [org.apache.juli.logging.DirectJDKLog] [restartedMain] [173] [INFO ] Stopping service [Tomcat]
[2020-03-28T11:12:34.034Z] [org.springframework.boot.autoconfigure.logging.ConditionEvaluationReportLoggingListener] [restartedMain] [136] [INFO ] 

Error starting ApplicationContext. To display the conditions report re-run your application with 'debug' enabled.
[2020-03-28T11:12:34.034Z] [org.springframework.boot.SpringApplication] [restartedMain] [826] [ERROR] Application run failed
org.springframework.beans.factory.BeanCreationException: Error creating bean with name 'classroomController': Lookup method resolution failed; nested exception is java.lang.IllegalStateException: Failed to introspect Class [com.tuppl.institute.controller.ClassroomController] from ClassLoader [org.springframework.boot.devtools.restart.classloader.RestartClassLoader@60502af8]
	at org.springframework.beans.factory.annotation.AutowiredAnnotationBeanPostProcessor.determineCandidateConstructors(AutowiredAnnotationBeanPostProcessor.java:289) ~[spring-beans-5.2.5.RELEASE.jar:5.2.5.RELEASE]
	at org.springframework.beans.factory.support.AbstractAutowireCapableBeanFactory.determineConstructorsFromBeanPostProcessors(AbstractAutowireCapableBeanFactory.java:1286) ~[spring-beans-5.2.5.RELEASE.jar:5.2.5.RELEASE]
	at org.springframework.beans.factory.support.AbstractAutowireCapableBeanFactory.createBeanInstance(AbstractAutowireCapableBeanFactory.java:1201) ~[spring-beans-5.2.5.RELEASE.jar:5.2.5.RELEASE]
	at org.springframework.beans.factory.support.AbstractAutowireCapableBeanFactory.doCreateBean(AbstractAutowireCapableBeanFactory.java:557) ~[spring-beans-5.2.5.RELEASE.jar:5.2.5.RELEASE]
	at org.springframework.beans.factory.support.AbstractAutowireCapableBeanFactory.createBean(AbstractAutowireCapableBeanFactory.java:517) ~[spring-beans-5.2.5.RELEASE.jar:5.2.5.RELEASE]
	at org.springframework.beans.factory.support.AbstractBeanFactory.lambda$doGetBean$0(AbstractBeanFactory.java:323) ~[spring-beans-5.2.5.RELEASE.jar:5.2.5.RELEASE]
	at org.springframework.beans.factory.support.DefaultSingletonBeanRegistry.getSingleton(DefaultSingletonBeanRegistry.java:222) ~[spring-beans-5.2.5.RELEASE.jar:5.2.5.RELEASE]
	at org.springframework.beans.factory.support.AbstractBeanFactory.doGetBean(AbstractBeanFactory.java:321) ~[spring-beans-5.2.5.RELEASE.jar:5.2.5.RELEASE]
	at org.springframework.beans.factory.support.AbstractBeanFactory.getBean(AbstractBeanFactory.java:202) ~[spring-beans-5.2.5.RELEASE.jar:5.2.5.RELEASE]
	at org.springframework.beans.factory.support.DefaultListableBeanFactory.preInstantiateSingletons(DefaultListableBeanFactory.java:882) ~[spring-beans-5.2.5.RELEASE.jar:5.2.5.RELEASE]
	at org.springframework.context.support.AbstractApplicationContext.finishBeanFactoryInitialization(AbstractApplicationContext.java:878) ~[spring-context-5.2.5.RELEASE.jar:5.2.5.RELEASE]
	at org.springframework.context.support.AbstractApplicationContext.refresh(AbstractApplicationContext.java:550) ~[spring-context-5.2.5.RELEASE.jar:5.2.5.RELEASE]
	at org.springframework.boot.web.servlet.context.ServletWebServerApplicationContext.refresh(ServletWebServerApplicationContext.java:141) ~[spring-boot-2.2.6.RELEASE.jar:2.2.6.RELEASE]
	at org.springframework.boot.SpringApplication.refresh(SpringApplication.java:747) [spring-boot-2.2.6.RELEASE.jar:2.2.6.RELEASE]
	at org.springframework.boot.SpringApplication.refreshContext(SpringApplication.java:397) [spring-boot-2.2.6.RELEASE.jar:2.2.6.RELEASE]
	at org.springframework.boot.SpringApplication.run(SpringApplication.java:315) [spring-boot-2.2.6.RELEASE.jar:2.2.6.RELEASE]
	at org.springframework.boot.SpringApplication.run(SpringApplication.java:1226) [spring-boot-2.2.6.RELEASE.jar:2.2.6.RELEASE]
	at org.springframework.boot.SpringApplication.run(SpringApplication.java:1215) [spring-boot-2.2.6.RELEASE.jar:2.2.6.RELEASE]
	at com.tuppl.institute.InstituteSpringBootApplication.main(InstituteSpringBootApplication.java:10) [classes/:na]
	at sun.reflect.NativeMethodAccessorImpl.invoke0(Native Method) ~[na:1.8.0_241]
	at sun.reflect.NativeMethodAccessorImpl.invoke(NativeMethodAccessorImpl.java:62) ~[na:1.8.0_241]
	at sun.reflect.DelegatingMethodAccessorImpl.invoke(DelegatingMethodAccessorImpl.java:43) ~[na:1.8.0_241]
	at java.lang.reflect.Method.invoke(Method.java:498) ~[na:1.8.0_241]
	at org.springframework.boot.devtools.restart.RestartLauncher.run(RestartLauncher.java:49) [spring-boot-devtools-2.2.6.RELEASE.jar:2.2.6.RELEASE]
Caused by: java.lang.IllegalStateException: Failed to introspect Class [com.tuppl.institute.controller.ClassroomController] from ClassLoader [org.springframework.boot.devtools.restart.classloader.RestartClassLoader@60502af8]
	at org.springframework.util.ReflectionUtils.getDeclaredMethods(ReflectionUtils.java:481) ~[spring-core-5.2.5.RELEASE.jar:5.2.5.RELEASE]
	at org.springframework.util.ReflectionUtils.doWithLocalMethods(ReflectionUtils.java:321) ~[spring-core-5.2.5.RELEASE.jar:5.2.5.RELEASE]
	at org.springframework.beans.factory.annotation.AutowiredAnnotationBeanPostProcessor.determineCandidateConstructors(AutowiredAnnotationBeanPostProcessor.java:267) ~[spring-beans-5.2.5.RELEASE.jar:5.2.5.RELEASE]
	... 23 common frames omitted
Caused by: java.lang.NoClassDefFoundError: StudentDataRequest
	at java.lang.Class.getDeclaredMethods0(Native Method) ~[na:1.8.0_241]
	at java.lang.Class.privateGetDeclaredMethods(Class.java:2701) ~[na:1.8.0_241]
	at java.lang.Class.getDeclaredMethods(Class.java:1975) ~[na:1.8.0_241]
	at org.springframework.util.ReflectionUtils.getDeclaredMethods(ReflectionUtils.java:463) ~[spring-core-5.2.5.RELEASE.jar:5.2.5.RELEASE]
	... 25 common frames omitted
Caused by: java.lang.ClassNotFoundException: StudentDataRequest
	at java.net.URLClassLoader.findClass(URLClassLoader.java:382) ~[na:1.8.0_241]
	at java.lang.ClassLoader.loadClass(ClassLoader.java:418) ~[na:1.8.0_241]
	at sun.misc.Launcher$AppClassLoader.loadClass(Launcher.java:355) ~[na:1.8.0_241]
	at java.lang.ClassLoader.loadClass(ClassLoader.java:351) ~[na:1.8.0_241]
	at org.springframework.boot.devtools.restart.classloader.RestartClassLoader.loadClass(RestartClassLoader.java:144) ~[spring-boot-devtools-2.2.6.RELEASE.jar:2.2.6.RELEASE]
	at java.lang.ClassLoader.loadClass(ClassLoader.java:351) ~[na:1.8.0_241]
	... 29 common frames omitted
[2020-03-28T11:12:53.053Z] [org.springframework.boot.StartupInfoLogger] [restartedMain] [55] [INFO ] Starting InstituteSpringBootApplication on DESKTOP-4GMUGMD with PID 13640 (C:\Users\Admin\Documents\Eclipse Workspace\InstituteSpringBoot\InstituteSpringBoot\target\classes started by Admin in C:\Users\Admin\Documents\Eclipse Workspace\InstituteSpringBoot\InstituteSpringBoot)
[2020-03-28T11:12:53.053Z] [org.springframework.boot.SpringApplication] [restartedMain] [651] [INFO ] No active profile set, falling back to default profiles: default
[2020-03-28T11:12:53.053Z] [org.springframework.boot.web.embedded.tomcat.TomcatWebServer] [restartedMain] [92] [INFO ] Tomcat initialized with port(s): 8080 (http)
[2020-03-28T11:12:53.053Z] [org.apache.juli.logging.DirectJDKLog] [restartedMain] [173] [INFO ] Starting service [Tomcat]
[2020-03-28T11:12:53.053Z] [org.apache.juli.logging.DirectJDKLog] [restartedMain] [173] [INFO ] Starting Servlet engine: [Apache Tomcat/9.0.33]
[2020-03-28T11:12:53.053Z] [org.apache.juli.logging.DirectJDKLog] [restartedMain] [173] [INFO ] Initializing Spring embedded WebApplicationContext
[2020-03-28T11:12:53.053Z] [org.springframework.boot.web.servlet.context.ServletWebServerApplicationContext] [restartedMain] [284] [INFO ] Root WebApplicationContext: initialization completed in 290 ms
[2020-03-28T11:12:53.053Z] [org.springframework.context.support.AbstractApplicationContext] [restartedMain] [558] [WARN ] Exception encountered during context initialization - cancelling refresh attempt: org.springframework.beans.factory.BeanCreationException: Error creating bean with name 'classroomController': Lookup method resolution failed; nested exception is java.lang.IllegalStateException: Failed to introspect Class [com.tuppl.institute.controller.ClassroomController] from ClassLoader [org.springframework.boot.devtools.restart.classloader.RestartClassLoader@297bbb62]
[2020-03-28T11:12:53.053Z] [org.apache.juli.logging.DirectJDKLog] [restartedMain] [173] [INFO ] Stopping service [Tomcat]
[2020-03-28T11:12:53.053Z] [org.springframework.boot.autoconfigure.logging.ConditionEvaluationReportLoggingListener] [restartedMain] [136] [INFO ] 

Error starting ApplicationContext. To display the conditions report re-run your application with 'debug' enabled.
[2020-03-28T11:12:53.053Z] [org.springframework.boot.SpringApplication] [restartedMain] [826] [ERROR] Application run failed
org.springframework.beans.factory.BeanCreationException: Error creating bean with name 'classroomController': Lookup method resolution failed; nested exception is java.lang.IllegalStateException: Failed to introspect Class [com.tuppl.institute.controller.ClassroomController] from ClassLoader [org.springframework.boot.devtools.restart.classloader.RestartClassLoader@297bbb62]
	at org.springframework.beans.factory.annotation.AutowiredAnnotationBeanPostProcessor.determineCandidateConstructors(AutowiredAnnotationBeanPostProcessor.java:289) ~[spring-beans-5.2.5.RELEASE.jar:5.2.5.RELEASE]
	at org.springframework.beans.factory.support.AbstractAutowireCapableBeanFactory.determineConstructorsFromBeanPostProcessors(AbstractAutowireCapableBeanFactory.java:1286) ~[spring-beans-5.2.5.RELEASE.jar:5.2.5.RELEASE]
	at org.springframework.beans.factory.support.AbstractAutowireCapableBeanFactory.createBeanInstance(AbstractAutowireCapableBeanFactory.java:1201) ~[spring-beans-5.2.5.RELEASE.jar:5.2.5.RELEASE]
	at org.springframework.beans.factory.support.AbstractAutowireCapableBeanFactory.doCreateBean(AbstractAutowireCapableBeanFactory.java:557) ~[spring-beans-5.2.5.RELEASE.jar:5.2.5.RELEASE]
	at org.springframework.beans.factory.support.AbstractAutowireCapableBeanFactory.createBean(AbstractAutowireCapableBeanFactory.java:517) ~[spring-beans-5.2.5.RELEASE.jar:5.2.5.RELEASE]
	at org.springframework.beans.factory.support.AbstractBeanFactory.lambda$doGetBean$0(AbstractBeanFactory.java:323) ~[spring-beans-5.2.5.RELEASE.jar:5.2.5.RELEASE]
	at org.springframework.beans.factory.support.DefaultSingletonBeanRegistry.getSingleton(DefaultSingletonBeanRegistry.java:222) ~[spring-beans-5.2.5.RELEASE.jar:5.2.5.RELEASE]
	at org.springframework.beans.factory.support.AbstractBeanFactory.doGetBean(AbstractBeanFactory.java:321) ~[spring-beans-5.2.5.RELEASE.jar:5.2.5.RELEASE]
	at org.springframework.beans.factory.support.AbstractBeanFactory.getBean(AbstractBeanFactory.java:202) ~[spring-beans-5.2.5.RELEASE.jar:5.2.5.RELEASE]
	at org.springframework.beans.factory.support.DefaultListableBeanFactory.preInstantiateSingletons(DefaultListableBeanFactory.java:882) ~[spring-beans-5.2.5.RELEASE.jar:5.2.5.RELEASE]
	at org.springframework.context.support.AbstractApplicationContext.finishBeanFactoryInitialization(AbstractApplicationContext.java:878) ~[spring-context-5.2.5.RELEASE.jar:5.2.5.RELEASE]
	at org.springframework.context.support.AbstractApplicationContext.refresh(AbstractApplicationContext.java:550) ~[spring-context-5.2.5.RELEASE.jar:5.2.5.RELEASE]
	at org.springframework.boot.web.servlet.context.ServletWebServerApplicationContext.refresh(ServletWebServerApplicationContext.java:141) ~[spring-boot-2.2.6.RELEASE.jar:2.2.6.RELEASE]
	at org.springframework.boot.SpringApplication.refresh(SpringApplication.java:747) [spring-boot-2.2.6.RELEASE.jar:2.2.6.RELEASE]
	at org.springframework.boot.SpringApplication.refreshContext(SpringApplication.java:397) [spring-boot-2.2.6.RELEASE.jar:2.2.6.RELEASE]
	at org.springframework.boot.SpringApplication.run(SpringApplication.java:315) [spring-boot-2.2.6.RELEASE.jar:2.2.6.RELEASE]
	at org.springframework.boot.SpringApplication.run(SpringApplication.java:1226) [spring-boot-2.2.6.RELEASE.jar:2.2.6.RELEASE]
	at org.springframework.boot.SpringApplication.run(SpringApplication.java:1215) [spring-boot-2.2.6.RELEASE.jar:2.2.6.RELEASE]
	at com.tuppl.institute.InstituteSpringBootApplication.main(InstituteSpringBootApplication.java:10) [classes/:na]
	at sun.reflect.NativeMethodAccessorImpl.invoke0(Native Method) ~[na:1.8.0_241]
	at sun.reflect.NativeMethodAccessorImpl.invoke(NativeMethodAccessorImpl.java:62) ~[na:1.8.0_241]
	at sun.reflect.DelegatingMethodAccessorImpl.invoke(DelegatingMethodAccessorImpl.java:43) ~[na:1.8.0_241]
	at java.lang.reflect.Method.invoke(Method.java:498) ~[na:1.8.0_241]
	at org.springframework.boot.devtools.restart.RestartLauncher.run(RestartLauncher.java:49) [spring-boot-devtools-2.2.6.RELEASE.jar:2.2.6.RELEASE]
Caused by: java.lang.IllegalStateException: Failed to introspect Class [com.tuppl.institute.controller.ClassroomController] from ClassLoader [org.springframework.boot.devtools.restart.classloader.RestartClassLoader@297bbb62]
	at org.springframework.util.ReflectionUtils.getDeclaredMethods(ReflectionUtils.java:481) ~[spring-core-5.2.5.RELEASE.jar:5.2.5.RELEASE]
	at org.springframework.util.ReflectionUtils.doWithLocalMethods(ReflectionUtils.java:321) ~[spring-core-5.2.5.RELEASE.jar:5.2.5.RELEASE]
	at org.springframework.beans.factory.annotation.AutowiredAnnotationBeanPostProcessor.determineCandidateConstructors(AutowiredAnnotationBeanPostProcessor.java:267) ~[spring-beans-5.2.5.RELEASE.jar:5.2.5.RELEASE]
	... 23 common frames omitted
Caused by: java.lang.NoClassDefFoundError: StudentDataRequest
	at java.lang.Class.getDeclaredMethods0(Native Method) ~[na:1.8.0_241]
	at java.lang.Class.privateGetDeclaredMethods(Class.java:2701) ~[na:1.8.0_241]
	at java.lang.Class.getDeclaredMethods(Class.java:1975) ~[na:1.8.0_241]
	at org.springframework.util.ReflectionUtils.getDeclaredMethods(ReflectionUtils.java:463) ~[spring-core-5.2.5.RELEASE.jar:5.2.5.RELEASE]
	... 25 common frames omitted
Caused by: java.lang.ClassNotFoundException: StudentDataRequest
	at java.net.URLClassLoader.findClass(URLClassLoader.java:382) ~[na:1.8.0_241]
	at java.lang.ClassLoader.loadClass(ClassLoader.java:418) ~[na:1.8.0_241]
	at sun.misc.Launcher$AppClassLoader.loadClass(Launcher.java:355) ~[na:1.8.0_241]
	at java.lang.ClassLoader.loadClass(ClassLoader.java:351) ~[na:1.8.0_241]
	at org.springframework.boot.devtools.restart.classloader.RestartClassLoader.loadClass(RestartClassLoader.java:144) ~[spring-boot-devtools-2.2.6.RELEASE.jar:2.2.6.RELEASE]
	at java.lang.ClassLoader.loadClass(ClassLoader.java:351) ~[na:1.8.0_241]
	... 29 common frames omitted
[2020-03-28T11:13:13.013Z] [org.springframework.boot.StartupInfoLogger] [restartedMain] [55] [INFO ] Starting InstituteSpringBootApplication on DESKTOP-4GMUGMD with PID 13640 (C:\Users\Admin\Documents\Eclipse Workspace\InstituteSpringBoot\InstituteSpringBoot\target\classes started by Admin in C:\Users\Admin\Documents\Eclipse Workspace\InstituteSpringBoot\InstituteSpringBoot)
[2020-03-28T11:13:13.013Z] [org.springframework.boot.SpringApplication] [restartedMain] [651] [INFO ] No active profile set, falling back to default profiles: default
[2020-03-28T11:13:13.013Z] [org.springframework.boot.web.embedded.tomcat.TomcatWebServer] [restartedMain] [92] [INFO ] Tomcat initialized with port(s): 8080 (http)
[2020-03-28T11:13:13.013Z] [org.apache.juli.logging.DirectJDKLog] [restartedMain] [173] [INFO ] Starting service [Tomcat]
[2020-03-28T11:13:13.013Z] [org.apache.juli.logging.DirectJDKLog] [restartedMain] [173] [INFO ] Starting Servlet engine: [Apache Tomcat/9.0.33]
[2020-03-28T11:13:13.013Z] [org.apache.juli.logging.DirectJDKLog] [restartedMain] [173] [INFO ] Initializing Spring embedded WebApplicationContext
[2020-03-28T11:13:13.013Z] [org.springframework.boot.web.servlet.context.ServletWebServerApplicationContext] [restartedMain] [284] [INFO ] Root WebApplicationContext: initialization completed in 294 ms
[2020-03-28T11:13:13.013Z] [org.springframework.context.support.AbstractApplicationContext] [restartedMain] [558] [WARN ] Exception encountered during context initialization - cancelling refresh attempt: org.springframework.beans.factory.BeanCreationException: Error creating bean with name 'classroomController': Lookup method resolution failed; nested exception is java.lang.IllegalStateException: Failed to introspect Class [com.tuppl.institute.controller.ClassroomController] from ClassLoader [org.springframework.boot.devtools.restart.classloader.RestartClassLoader@54f6d7d0]
[2020-03-28T11:13:13.013Z] [org.apache.juli.logging.DirectJDKLog] [restartedMain] [173] [INFO ] Stopping service [Tomcat]
[2020-03-28T11:13:13.013Z] [org.springframework.boot.autoconfigure.logging.ConditionEvaluationReportLoggingListener] [restartedMain] [136] [INFO ] 

Error starting ApplicationContext. To display the conditions report re-run your application with 'debug' enabled.
[2020-03-28T11:13:13.013Z] [org.springframework.boot.SpringApplication] [restartedMain] [826] [ERROR] Application run failed
org.springframework.beans.factory.BeanCreationException: Error creating bean with name 'classroomController': Lookup method resolution failed; nested exception is java.lang.IllegalStateException: Failed to introspect Class [com.tuppl.institute.controller.ClassroomController] from ClassLoader [org.springframework.boot.devtools.restart.classloader.RestartClassLoader@54f6d7d0]
	at org.springframework.beans.factory.annotation.AutowiredAnnotationBeanPostProcessor.determineCandidateConstructors(AutowiredAnnotationBeanPostProcessor.java:289) ~[spring-beans-5.2.5.RELEASE.jar:5.2.5.RELEASE]
	at org.springframework.beans.factory.support.AbstractAutowireCapableBeanFactory.determineConstructorsFromBeanPostProcessors(AbstractAutowireCapableBeanFactory.java:1286) ~[spring-beans-5.2.5.RELEASE.jar:5.2.5.RELEASE]
	at org.springframework.beans.factory.support.AbstractAutowireCapableBeanFactory.createBeanInstance(AbstractAutowireCapableBeanFactory.java:1201) ~[spring-beans-5.2.5.RELEASE.jar:5.2.5.RELEASE]
	at org.springframework.beans.factory.support.AbstractAutowireCapableBeanFactory.doCreateBean(AbstractAutowireCapableBeanFactory.java:557) ~[spring-beans-5.2.5.RELEASE.jar:5.2.5.RELEASE]
	at org.springframework.beans.factory.support.AbstractAutowireCapableBeanFactory.createBean(AbstractAutowireCapableBeanFactory.java:517) ~[spring-beans-5.2.5.RELEASE.jar:5.2.5.RELEASE]
	at org.springframework.beans.factory.support.AbstractBeanFactory.lambda$doGetBean$0(AbstractBeanFactory.java:323) ~[spring-beans-5.2.5.RELEASE.jar:5.2.5.RELEASE]
	at org.springframework.beans.factory.support.DefaultSingletonBeanRegistry.getSingleton(DefaultSingletonBeanRegistry.java:222) ~[spring-beans-5.2.5.RELEASE.jar:5.2.5.RELEASE]
	at org.springframework.beans.factory.support.AbstractBeanFactory.doGetBean(AbstractBeanFactory.java:321) ~[spring-beans-5.2.5.RELEASE.jar:5.2.5.RELEASE]
	at org.springframework.beans.factory.support.AbstractBeanFactory.getBean(AbstractBeanFactory.java:202) ~[spring-beans-5.2.5.RELEASE.jar:5.2.5.RELEASE]
	at org.springframework.beans.factory.support.DefaultListableBeanFactory.preInstantiateSingletons(DefaultListableBeanFactory.java:882) ~[spring-beans-5.2.5.RELEASE.jar:5.2.5.RELEASE]
	at org.springframework.context.support.AbstractApplicationContext.finishBeanFactoryInitialization(AbstractApplicationContext.java:878) ~[spring-context-5.2.5.RELEASE.jar:5.2.5.RELEASE]
	at org.springframework.context.support.AbstractApplicationContext.refresh(AbstractApplicationContext.java:550) ~[spring-context-5.2.5.RELEASE.jar:5.2.5.RELEASE]
	at org.springframework.boot.web.servlet.context.ServletWebServerApplicationContext.refresh(ServletWebServerApplicationContext.java:141) ~[spring-boot-2.2.6.RELEASE.jar:2.2.6.RELEASE]
	at org.springframework.boot.SpringApplication.refresh(SpringApplication.java:747) [spring-boot-2.2.6.RELEASE.jar:2.2.6.RELEASE]
	at org.springframework.boot.SpringApplication.refreshContext(SpringApplication.java:397) [spring-boot-2.2.6.RELEASE.jar:2.2.6.RELEASE]
	at org.springframework.boot.SpringApplication.run(SpringApplication.java:315) [spring-boot-2.2.6.RELEASE.jar:2.2.6.RELEASE]
	at org.springframework.boot.SpringApplication.run(SpringApplication.java:1226) [spring-boot-2.2.6.RELEASE.jar:2.2.6.RELEASE]
	at org.springframework.boot.SpringApplication.run(SpringApplication.java:1215) [spring-boot-2.2.6.RELEASE.jar:2.2.6.RELEASE]
	at com.tuppl.institute.InstituteSpringBootApplication.main(InstituteSpringBootApplication.java:10) [classes/:na]
	at sun.reflect.NativeMethodAccessorImpl.invoke0(Native Method) ~[na:1.8.0_241]
	at sun.reflect.NativeMethodAccessorImpl.invoke(NativeMethodAccessorImpl.java:62) ~[na:1.8.0_241]
	at sun.reflect.DelegatingMethodAccessorImpl.invoke(DelegatingMethodAccessorImpl.java:43) ~[na:1.8.0_241]
	at java.lang.reflect.Method.invoke(Method.java:498) ~[na:1.8.0_241]
	at org.springframework.boot.devtools.restart.RestartLauncher.run(RestartLauncher.java:49) [spring-boot-devtools-2.2.6.RELEASE.jar:2.2.6.RELEASE]
Caused by: java.lang.IllegalStateException: Failed to introspect Class [com.tuppl.institute.controller.ClassroomController] from ClassLoader [org.springframework.boot.devtools.restart.classloader.RestartClassLoader@54f6d7d0]
	at org.springframework.util.ReflectionUtils.getDeclaredMethods(ReflectionUtils.java:481) ~[spring-core-5.2.5.RELEASE.jar:5.2.5.RELEASE]
	at org.springframework.util.ReflectionUtils.doWithLocalMethods(ReflectionUtils.java:321) ~[spring-core-5.2.5.RELEASE.jar:5.2.5.RELEASE]
	at org.springframework.beans.factory.annotation.AutowiredAnnotationBeanPostProcessor.determineCandidateConstructors(AutowiredAnnotationBeanPostProcessor.java:267) ~[spring-beans-5.2.5.RELEASE.jar:5.2.5.RELEASE]
	... 23 common frames omitted
Caused by: java.lang.NoClassDefFoundError: StudentDataRequest
	at java.lang.Class.getDeclaredMethods0(Native Method) ~[na:1.8.0_241]
	at java.lang.Class.privateGetDeclaredMethods(Class.java:2701) ~[na:1.8.0_241]
	at java.lang.Class.getDeclaredMethods(Class.java:1975) ~[na:1.8.0_241]
	at org.springframework.util.ReflectionUtils.getDeclaredMethods(ReflectionUtils.java:463) ~[spring-core-5.2.5.RELEASE.jar:5.2.5.RELEASE]
	... 25 common frames omitted
Caused by: java.lang.ClassNotFoundException: StudentDataRequest
	at java.net.URLClassLoader.findClass(URLClassLoader.java:382) ~[na:1.8.0_241]
	at java.lang.ClassLoader.loadClass(ClassLoader.java:418) ~[na:1.8.0_241]
	at sun.misc.Launcher$AppClassLoader.loadClass(Launcher.java:355) ~[na:1.8.0_241]
	at java.lang.ClassLoader.loadClass(ClassLoader.java:351) ~[na:1.8.0_241]
	at org.springframework.boot.devtools.restart.classloader.RestartClassLoader.loadClass(RestartClassLoader.java:144) ~[spring-boot-devtools-2.2.6.RELEASE.jar:2.2.6.RELEASE]
	at java.lang.ClassLoader.loadClass(ClassLoader.java:351) ~[na:1.8.0_241]
	... 29 common frames omitted
[2020-03-28T11:14:17.017Z] [org.springframework.boot.StartupInfoLogger] [restartedMain] [55] [INFO ] Starting InstituteSpringBootApplication on DESKTOP-4GMUGMD with PID 13640 (C:\Users\Admin\Documents\Eclipse Workspace\InstituteSpringBoot\InstituteSpringBoot\target\classes started by Admin in C:\Users\Admin\Documents\Eclipse Workspace\InstituteSpringBoot\InstituteSpringBoot)
[2020-03-28T11:14:17.017Z] [org.springframework.boot.SpringApplication] [restartedMain] [651] [INFO ] No active profile set, falling back to default profiles: default
[2020-03-28T11:14:17.017Z] [org.springframework.boot.web.embedded.tomcat.TomcatWebServer] [restartedMain] [92] [INFO ] Tomcat initialized with port(s): 8080 (http)
[2020-03-28T11:14:17.017Z] [org.apache.juli.logging.DirectJDKLog] [restartedMain] [173] [INFO ] Starting service [Tomcat]
[2020-03-28T11:14:17.017Z] [org.apache.juli.logging.DirectJDKLog] [restartedMain] [173] [INFO ] Starting Servlet engine: [Apache Tomcat/9.0.33]
[2020-03-28T11:14:17.017Z] [org.apache.juli.logging.DirectJDKLog] [restartedMain] [173] [INFO ] Initializing Spring embedded WebApplicationContext
[2020-03-28T11:14:17.017Z] [org.springframework.boot.web.servlet.context.ServletWebServerApplicationContext] [restartedMain] [284] [INFO ] Root WebApplicationContext: initialization completed in 273 ms
[2020-03-28T11:14:17.017Z] [org.springframework.scheduling.concurrent.ExecutorConfigurationSupport] [restartedMain] [181] [INFO ] Initializing ExecutorService 'applicationTaskExecutor'
[2020-03-28T11:14:17.017Z] [org.springframework.boot.devtools.autoconfigure.OptionalLiveReloadServer] [restartedMain] [61] [WARN ] Unable to start LiveReload server
[2020-03-28T11:14:17.017Z] [org.springframework.boot.web.embedded.tomcat.TomcatWebServer] [restartedMain] [204] [INFO ] Tomcat started on port(s): 8080 (http) with context path '/msapi'
[2020-03-28T11:14:17.017Z] [org.springframework.boot.StartupInfoLogger] [restartedMain] [61] [INFO ] Started InstituteSpringBootApplication in 0.426 seconds (JVM running for 3532.928)
[2020-03-28T11:14:17.017Z] [org.springframework.boot.devtools.autoconfigure.ConditionEvaluationDeltaLoggingListener] [restartedMain] [63] [INFO ] Condition evaluation unchanged
[2020-03-28T11:14:29.029Z] [org.springframework.scheduling.concurrent.ExecutorConfigurationSupport] [Thread-48] [218] [INFO ] Shutting down ExecutorService 'applicationTaskExecutor'
[2020-03-28T11:14:29.029Z] [org.springframework.boot.StartupInfoLogger] [restartedMain] [55] [INFO ] Starting InstituteSpringBootApplication on DESKTOP-4GMUGMD with PID 13640 (C:\Users\Admin\Documents\Eclipse Workspace\InstituteSpringBoot\InstituteSpringBoot\target\classes started by Admin in C:\Users\Admin\Documents\Eclipse Workspace\InstituteSpringBoot\InstituteSpringBoot)
[2020-03-28T11:14:29.029Z] [org.springframework.boot.SpringApplication] [restartedMain] [651] [INFO ] No active profile set, falling back to default profiles: default
[2020-03-28T11:14:29.029Z] [org.springframework.boot.web.embedded.tomcat.TomcatWebServer] [restartedMain] [92] [INFO ] Tomcat initialized with port(s): 8080 (http)
[2020-03-28T11:14:29.029Z] [org.apache.juli.logging.DirectJDKLog] [restartedMain] [173] [INFO ] Starting service [Tomcat]
[2020-03-28T11:14:29.029Z] [org.apache.juli.logging.DirectJDKLog] [restartedMain] [173] [INFO ] Starting Servlet engine: [Apache Tomcat/9.0.33]
[2020-03-28T11:14:29.029Z] [org.apache.juli.logging.DirectJDKLog] [restartedMain] [173] [INFO ] Initializing Spring embedded WebApplicationContext
[2020-03-28T11:14:29.029Z] [org.springframework.boot.web.servlet.context.ServletWebServerApplicationContext] [restartedMain] [284] [INFO ] Root WebApplicationContext: initialization completed in 247 ms
[2020-03-28T11:14:29.029Z] [org.springframework.scheduling.concurrent.ExecutorConfigurationSupport] [restartedMain] [181] [INFO ] Initializing ExecutorService 'applicationTaskExecutor'
[2020-03-28T11:14:29.029Z] [org.springframework.boot.devtools.autoconfigure.OptionalLiveReloadServer] [restartedMain] [61] [WARN ] Unable to start LiveReload server
[2020-03-28T11:14:29.029Z] [org.springframework.boot.web.embedded.tomcat.TomcatWebServer] [restartedMain] [204] [INFO ] Tomcat started on port(s): 8080 (http) with context path '/msapi'
[2020-03-28T11:14:29.029Z] [org.springframework.boot.StartupInfoLogger] [restartedMain] [61] [INFO ] Started InstituteSpringBootApplication in 0.389 seconds (JVM running for 3545.177)
[2020-03-28T11:14:29.029Z] [org.springframework.boot.devtools.autoconfigure.ConditionEvaluationDeltaLoggingListener] [restartedMain] [63] [INFO ] Condition evaluation unchanged
[2020-03-28T11:14:38.038Z] [org.springframework.scheduling.concurrent.ExecutorConfigurationSupport] [Thread-65] [218] [INFO ] Shutting down ExecutorService 'applicationTaskExecutor'
[2020-03-28T11:14:38.038Z] [org.springframework.boot.StartupInfoLogger] [restartedMain] [55] [INFO ] Starting InstituteSpringBootApplication on DESKTOP-4GMUGMD with PID 13640 (C:\Users\Admin\Documents\Eclipse Workspace\InstituteSpringBoot\InstituteSpringBoot\target\classes started by Admin in C:\Users\Admin\Documents\Eclipse Workspace\InstituteSpringBoot\InstituteSpringBoot)
[2020-03-28T11:14:38.038Z] [org.springframework.boot.SpringApplication] [restartedMain] [651] [INFO ] No active profile set, falling back to default profiles: default
[2020-03-28T11:14:39.039Z] [org.springframework.boot.web.embedded.tomcat.TomcatWebServer] [restartedMain] [92] [INFO ] Tomcat initialized with port(s): 8080 (http)
[2020-03-28T11:14:39.039Z] [org.apache.juli.logging.DirectJDKLog] [restartedMain] [173] [INFO ] Starting service [Tomcat]
[2020-03-28T11:14:39.039Z] [org.apache.juli.logging.DirectJDKLog] [restartedMain] [173] [INFO ] Starting Servlet engine: [Apache Tomcat/9.0.33]
[2020-03-28T11:14:39.039Z] [org.apache.juli.logging.DirectJDKLog] [restartedMain] [173] [INFO ] Initializing Spring embedded WebApplicationContext
[2020-03-28T11:14:39.039Z] [org.springframework.boot.web.servlet.context.ServletWebServerApplicationContext] [restartedMain] [284] [INFO ] Root WebApplicationContext: initialization completed in 528 ms
[2020-03-28T11:14:39.039Z] [org.springframework.scheduling.concurrent.ExecutorConfigurationSupport] [restartedMain] [181] [INFO ] Initializing ExecutorService 'applicationTaskExecutor'
[2020-03-28T11:14:39.039Z] [org.springframework.boot.devtools.autoconfigure.OptionalLiveReloadServer] [restartedMain] [61] [WARN ] Unable to start LiveReload server
[2020-03-28T11:14:39.039Z] [org.springframework.boot.web.embedded.tomcat.TomcatWebServer] [restartedMain] [204] [INFO ] Tomcat started on port(s): 8080 (http) with context path '/msapi'
[2020-03-28T11:14:39.039Z] [org.springframework.boot.StartupInfoLogger] [restartedMain] [61] [INFO ] Started InstituteSpringBootApplication in 0.692 seconds (JVM running for 3554.699)
[2020-03-28T11:14:39.039Z] [org.springframework.boot.devtools.autoconfigure.ConditionEvaluationDeltaLoggingListener] [restartedMain] [63] [INFO ] Condition evaluation unchanged
[2020-03-28T11:14:53.053Z] [org.springframework.scheduling.concurrent.ExecutorConfigurationSupport] [Thread-70] [218] [INFO ] Shutting down ExecutorService 'applicationTaskExecutor'
[2020-03-28T11:14:53.053Z] [org.springframework.boot.StartupInfoLogger] [restartedMain] [55] [INFO ] Starting InstituteSpringBootApplication on DESKTOP-4GMUGMD with PID 13640 (C:\Users\Admin\Documents\Eclipse Workspace\InstituteSpringBoot\InstituteSpringBoot\target\classes started by Admin in C:\Users\Admin\Documents\Eclipse Workspace\InstituteSpringBoot\InstituteSpringBoot)
[2020-03-28T11:14:53.053Z] [org.springframework.boot.SpringApplication] [restartedMain] [651] [INFO ] No active profile set, falling back to default profiles: default
[2020-03-28T11:14:54.054Z] [org.springframework.boot.web.embedded.tomcat.TomcatWebServer] [restartedMain] [92] [INFO ] Tomcat initialized with port(s): 8080 (http)
[2020-03-28T11:14:54.054Z] [org.apache.juli.logging.DirectJDKLog] [restartedMain] [173] [INFO ] Starting service [Tomcat]
[2020-03-28T11:14:54.054Z] [org.apache.juli.logging.DirectJDKLog] [restartedMain] [173] [INFO ] Starting Servlet engine: [Apache Tomcat/9.0.33]
[2020-03-28T11:14:54.054Z] [org.apache.juli.logging.DirectJDKLog] [restartedMain] [173] [INFO ] Initializing Spring embedded WebApplicationContext
[2020-03-28T11:14:54.054Z] [org.springframework.boot.web.servlet.context.ServletWebServerApplicationContext] [restartedMain] [284] [INFO ] Root WebApplicationContext: initialization completed in 245 ms
[2020-03-28T11:14:54.054Z] [org.springframework.scheduling.concurrent.ExecutorConfigurationSupport] [restartedMain] [181] [INFO ] Initializing ExecutorService 'applicationTaskExecutor'
[2020-03-28T11:14:54.054Z] [org.springframework.boot.devtools.autoconfigure.OptionalLiveReloadServer] [restartedMain] [61] [WARN ] Unable to start LiveReload server
[2020-03-28T11:14:54.054Z] [org.springframework.boot.web.embedded.tomcat.TomcatWebServer] [restartedMain] [204] [INFO ] Tomcat started on port(s): 8080 (http) with context path '/msapi'
[2020-03-28T11:14:54.054Z] [org.springframework.boot.StartupInfoLogger] [restartedMain] [61] [INFO ] Started InstituteSpringBootApplication in 0.39 seconds (JVM running for 3569.411)
[2020-03-28T11:14:54.054Z] [org.springframework.boot.devtools.autoconfigure.ConditionEvaluationDeltaLoggingListener] [restartedMain] [63] [INFO ] Condition evaluation unchanged
[2020-03-28T11:15:29.029Z] [org.springframework.scheduling.concurrent.ExecutorConfigurationSupport] [Thread-75] [218] [INFO ] Shutting down ExecutorService 'applicationTaskExecutor'
[2020-03-28T11:15:30.030Z] [org.springframework.boot.StartupInfoLogger] [restartedMain] [55] [INFO ] Starting InstituteSpringBootApplication on DESKTOP-4GMUGMD with PID 13640 (C:\Users\Admin\Documents\Eclipse Workspace\InstituteSpringBoot\InstituteSpringBoot\target\classes started by Admin in C:\Users\Admin\Documents\Eclipse Workspace\InstituteSpringBoot\InstituteSpringBoot)
[2020-03-28T11:15:30.030Z] [org.springframework.boot.SpringApplication] [restartedMain] [651] [INFO ] No active profile set, falling back to default profiles: default
[2020-03-28T11:15:30.030Z] [org.springframework.boot.web.embedded.tomcat.TomcatWebServer] [restartedMain] [92] [INFO ] Tomcat initialized with port(s): 8080 (http)
[2020-03-28T11:15:30.030Z] [org.apache.juli.logging.DirectJDKLog] [restartedMain] [173] [INFO ] Starting service [Tomcat]
[2020-03-28T11:15:30.030Z] [org.apache.juli.logging.DirectJDKLog] [restartedMain] [173] [INFO ] Starting Servlet engine: [Apache Tomcat/9.0.33]
[2020-03-28T11:15:30.030Z] [org.apache.juli.logging.DirectJDKLog] [restartedMain] [173] [INFO ] Initializing Spring embedded WebApplicationContext
[2020-03-28T11:15:30.030Z] [org.springframework.boot.web.servlet.context.ServletWebServerApplicationContext] [restartedMain] [284] [INFO ] Root WebApplicationContext: initialization completed in 354 ms
[2020-03-28T11:15:30.030Z] [org.springframework.scheduling.concurrent.ExecutorConfigurationSupport] [restartedMain] [181] [INFO ] Initializing ExecutorService 'applicationTaskExecutor'
[2020-03-28T11:15:30.030Z] [org.springframework.boot.devtools.autoconfigure.OptionalLiveReloadServer] [restartedMain] [61] [WARN ] Unable to start LiveReload server
[2020-03-28T11:15:30.030Z] [org.springframework.boot.web.embedded.tomcat.TomcatWebServer] [restartedMain] [204] [INFO ] Tomcat started on port(s): 8080 (http) with context path '/msapi'
[2020-03-28T11:15:30.030Z] [org.springframework.boot.StartupInfoLogger] [restartedMain] [61] [INFO ] Started InstituteSpringBootApplication in 0.538 seconds (JVM running for 3606.163)
[2020-03-28T11:15:30.030Z] [org.springframework.boot.devtools.autoconfigure.ConditionEvaluationDeltaLoggingListener] [restartedMain] [63] [INFO ] Condition evaluation unchanged
